{"/Users/danielwallin/Development/hairsalons/src/actions/salons.js": {"path":"/Users/danielwallin/Development/hairsalons/src/actions/salons.js","statementMap":{"0":{"start":{"line":3,"column":25},"end":{"line":12,"column":1}},"1":{"start":{"line":3,"column":33},"end":{"line":12,"column":1}},"2":{"start":{"line":4,"column":4},"end":{"line":11,"column":10}},"3":{"start":{"line":7,"column":12},"end":{"line":10,"column":14}},"4":{"start":{"line":14,"column":29},"end":{"line":23,"column":1}},"5":{"start":{"line":14,"column":35},"end":{"line":23,"column":1}},"6":{"start":{"line":15,"column":4},"end":{"line":22,"column":10}},"7":{"start":{"line":18,"column":12},"end":{"line":21,"column":14}},"8":{"start":{"line":25,"column":29},"end":{"line":38,"column":1}},"9":{"start":{"line":25,"column":40},"end":{"line":38,"column":1}},"10":{"start":{"line":26,"column":23},"end":{"line":26,"column":44}},"11":{"start":{"line":27,"column":4},"end":{"line":37,"column":10}},"12":{"start":{"line":30,"column":12},"end":{"line":36,"column":14}}},"fnMap":{"0":{"name":"(anonymous_0)","decl":{"start":{"line":3,"column":25},"end":{"line":3,"column":26}},"loc":{"start":{"line":3,"column":33},"end":{"line":12,"column":1}},"line":3},"1":{"name":"(anonymous_1)","decl":{"start":{"line":3,"column":33},"end":{"line":3,"column":34}},"loc":{"start":{"line":3,"column":47},"end":{"line":12,"column":1}},"line":3},"2":{"name":"(anonymous_2)","decl":{"start":{"line":6,"column":14},"end":{"line":6,"column":15}},"loc":{"start":{"line":6,"column":26},"end":{"line":11,"column":9}},"line":6},"3":{"name":"(anonymous_3)","decl":{"start":{"line":14,"column":29},"end":{"line":14,"column":30}},"loc":{"start":{"line":14,"column":35},"end":{"line":23,"column":1}},"line":14},"4":{"name":"(anonymous_4)","decl":{"start":{"line":14,"column":35},"end":{"line":14,"column":36}},"loc":{"start":{"line":14,"column":49},"end":{"line":23,"column":1}},"line":14},"5":{"name":"(anonymous_5)","decl":{"start":{"line":17,"column":14},"end":{"line":17,"column":15}},"loc":{"start":{"line":17,"column":26},"end":{"line":22,"column":9}},"line":17},"6":{"name":"(anonymous_6)","decl":{"start":{"line":25,"column":29},"end":{"line":25,"column":30}},"loc":{"start":{"line":25,"column":40},"end":{"line":38,"column":1}},"line":25},"7":{"name":"(anonymous_7)","decl":{"start":{"line":25,"column":40},"end":{"line":25,"column":41}},"loc":{"start":{"line":25,"column":54},"end":{"line":38,"column":1}},"line":25},"8":{"name":"(anonymous_8)","decl":{"start":{"line":29,"column":14},"end":{"line":29,"column":15}},"loc":{"start":{"line":29,"column":26},"end":{"line":37,"column":9}},"line":29}},"branchMap":{},"s":{"0":2,"1":0,"2":0,"3":0,"4":2,"5":0,"6":0,"7":0,"8":2,"9":0,"10":0,"11":0,"12":0},"f":{"0":0,"1":0,"2":0,"3":0,"4":0,"5":0,"6":0,"7":0,"8":0},"b":{},"_coverageSchema":"332fd63041d2c1bcb487cc26dd0d5f7d97098a6c","hash":"0c5dd214e674478b84785cc03d31793b31badb11"}
,"/Users/danielwallin/Development/hairsalons/src/components/PriceFilter/index.js": {"path":"/Users/danielwallin/Development/hairsalons/src/components/PriceFilter/index.js","statementMap":{"0":{"start":{"line":11,"column":8},"end":{"line":11,"column":21}},"1":{"start":{"line":13,"column":8},"end":{"line":15,"column":10}},"2":{"start":{"line":17,"column":8},"end":{"line":17,"column":49}},"3":{"start":{"line":18,"column":8},"end":{"line":18,"column":59}},"4":{"start":{"line":22,"column":8},"end":{"line":22,"column":41}},"5":{"start":{"line":26,"column":27},"end":{"line":29,"column":9}},"6":{"start":{"line":31,"column":8},"end":{"line":31,"column":54}},"7":{"start":{"line":35,"column":31},"end":{"line":35,"column":41}},"8":{"start":{"line":36,"column":22},"end":{"line":36,"column":74}},"9":{"start":{"line":37,"column":8},"end":{"line":37,"column":32}},"10":{"start":{"line":39,"column":8},"end":{"line":56,"column":9}},"11":{"start":{"line":60,"column":0},"end":{"line":62,"column":2}},"12":{"start":{"line":65,"column":4},"end":{"line":67,"column":5}}},"fnMap":{"0":{"name":"(anonymous_0)","decl":{"start":{"line":10,"column":4},"end":{"line":10,"column":5}},"loc":{"start":{"line":10,"column":23},"end":{"line":19,"column":5}},"line":10},"1":{"name":"(anonymous_1)","decl":{"start":{"line":21,"column":4},"end":{"line":21,"column":5}},"loc":{"start":{"line":21,"column":21},"end":{"line":23,"column":5}},"line":21},"2":{"name":"(anonymous_2)","decl":{"start":{"line":25,"column":4},"end":{"line":25,"column":5}},"loc":{"start":{"line":25,"column":25},"end":{"line":32,"column":5}},"line":25},"3":{"name":"(anonymous_3)","decl":{"start":{"line":34,"column":4},"end":{"line":34,"column":5}},"loc":{"start":{"line":34,"column":13},"end":{"line":57,"column":5}},"line":34},"4":{"name":"mapStateToProps","decl":{"start":{"line":64,"column":9},"end":{"line":64,"column":24}},"loc":{"start":{"line":64,"column":33},"end":{"line":68,"column":1}},"line":64}},"branchMap":{"0":{"loc":{"start":{"line":36,"column":22},"end":{"line":36,"column":74}},"type":"binary-expr","locations":[{"start":{"line":36,"column":22},"end":{"line":36,"column":38}},{"start":{"line":36,"column":42},"end":{"line":36,"column":74}}],"line":36}},"s":{"0":0,"1":0,"2":0,"3":0,"4":0,"5":0,"6":0,"7":0,"8":1,"9":0,"10":0,"11":1,"12":0},"f":{"0":0,"1":0,"2":0,"3":0,"4":0},"b":{"0":[0,0]},"_coverageSchema":"332fd63041d2c1bcb487cc26dd0d5f7d97098a6c","hash":"eb4206f13cbc1e16ead8097ffcf514cc6fd7f7bd"}
,"/Users/danielwallin/Development/hairsalons/src/components/Salons/index.js": {"path":"/Users/danielwallin/Development/hairsalons/src/components/Salons/index.js","statementMap":{"0":{"start":{"line":12,"column":8},"end":{"line":12,"column":21}},"1":{"start":{"line":14,"column":8},"end":{"line":21,"column":10}},"2":{"start":{"line":23,"column":8},"end":{"line":23,"column":57}},"3":{"start":{"line":24,"column":8},"end":{"line":24,"column":55}},"4":{"start":{"line":25,"column":8},"end":{"line":25,"column":55}},"5":{"start":{"line":29,"column":8},"end":{"line":29,"column":44}},"6":{"start":{"line":33,"column":31},"end":{"line":33,"column":41}},"7":{"start":{"line":35,"column":8},"end":{"line":38,"column":9}},"8":{"start":{"line":36,"column":12},"end":{"line":36,"column":55}},"9":{"start":{"line":37,"column":12},"end":{"line":37,"column":42}},"10":{"start":{"line":40,"column":8},"end":{"line":43,"column":9}},"11":{"start":{"line":41,"column":12},"end":{"line":41,"column":55}},"12":{"start":{"line":42,"column":12},"end":{"line":42,"column":42}},"13":{"start":{"line":47,"column":6},"end":{"line":47,"column":64}},"14":{"start":{"line":51,"column":8},"end":{"line":51,"column":47}},"15":{"start":{"line":55,"column":8},"end":{"line":55,"column":88}},"16":{"start":{"line":59,"column":43},"end":{"line":59,"column":53}},"17":{"start":{"line":60,"column":23},"end":{"line":62,"column":10}},"18":{"start":{"line":61,"column":12},"end":{"line":61,"column":37}},"19":{"start":{"line":64,"column":28},"end":{"line":64,"column":68}},"20":{"start":{"line":65,"column":29},"end":{"line":65,"column":93}},"21":{"start":{"line":66,"column":26},"end":{"line":66,"column":88}},"22":{"start":{"line":67,"column":26},"end":{"line":67,"column":74}},"23":{"start":{"line":69,"column":8},"end":{"line":94,"column":14}},"24":{"start":{"line":88,"column":24},"end":{"line":91,"column":26}},"25":{"start":{"line":98,"column":0},"end":{"line":103,"column":2}},"26":{"start":{"line":106,"column":2},"end":{"line":111,"column":3}}},"fnMap":{"0":{"name":"(anonymous_0)","decl":{"start":{"line":11,"column":4},"end":{"line":11,"column":5}},"loc":{"start":{"line":11,"column":23},"end":{"line":26,"column":5}},"line":11},"1":{"name":"(anonymous_1)","decl":{"start":{"line":28,"column":4},"end":{"line":28,"column":5}},"loc":{"start":{"line":28,"column":24},"end":{"line":30,"column":5}},"line":28},"2":{"name":"(anonymous_2)","decl":{"start":{"line":32,"column":4},"end":{"line":32,"column":5}},"loc":{"start":{"line":32,"column":34},"end":{"line":44,"column":5}},"line":32},"3":{"name":"(anonymous_3)","decl":{"start":{"line":46,"column":4},"end":{"line":46,"column":5}},"loc":{"start":{"line":46,"column":19},"end":{"line":48,"column":5}},"line":46},"4":{"name":"(anonymous_4)","decl":{"start":{"line":50,"column":4},"end":{"line":50,"column":5}},"loc":{"start":{"line":50,"column":18},"end":{"line":52,"column":5}},"line":50},"5":{"name":"(anonymous_5)","decl":{"start":{"line":54,"column":4},"end":{"line":54,"column":5}},"loc":{"start":{"line":54,"column":23},"end":{"line":56,"column":5}},"line":54},"6":{"name":"(anonymous_6)","decl":{"start":{"line":58,"column":4},"end":{"line":58,"column":5}},"loc":{"start":{"line":58,"column":13},"end":{"line":95,"column":5}},"line":58},"7":{"name":"(anonymous_7)","decl":{"start":{"line":60,"column":43},"end":{"line":60,"column":44}},"loc":{"start":{"line":60,"column":53},"end":{"line":62,"column":9}},"line":60},"8":{"name":"(anonymous_8)","decl":{"start":{"line":87,"column":51},"end":{"line":87,"column":52}},"loc":{"start":{"line":88,"column":24},"end":{"line":91,"column":26}},"line":88},"9":{"name":"mapStateToProps","decl":{"start":{"line":105,"column":9},"end":{"line":105,"column":24}},"loc":{"start":{"line":105,"column":33},"end":{"line":112,"column":1}},"line":105}},"branchMap":{"0":{"loc":{"start":{"line":35,"column":8},"end":{"line":38,"column":9}},"type":"if","locations":[{"start":{"line":35,"column":8},"end":{"line":38,"column":9}},{"start":{"line":35,"column":8},"end":{"line":38,"column":9}}],"line":35},"1":{"loc":{"start":{"line":40,"column":8},"end":{"line":43,"column":9}},"type":"if","locations":[{"start":{"line":40,"column":8},"end":{"line":43,"column":9}},{"start":{"line":40,"column":8},"end":{"line":43,"column":9}}],"line":40},"2":{"loc":{"start":{"line":64,"column":28},"end":{"line":64,"column":68}},"type":"binary-expr","locations":[{"start":{"line":64,"column":28},"end":{"line":64,"column":49}},{"start":{"line":64,"column":53},"end":{"line":64,"column":68}}],"line":64},"3":{"loc":{"start":{"line":65,"column":29},"end":{"line":65,"column":93}},"type":"binary-expr","locations":[{"start":{"line":65,"column":29},"end":{"line":65,"column":50}},{"start":{"line":65,"column":54},"end":{"line":65,"column":93}}],"line":65},"4":{"loc":{"start":{"line":66,"column":26},"end":{"line":66,"column":88}},"type":"cond-expr","locations":[{"start":{"line":66,"column":44},"end":{"line":66,"column":81}},{"start":{"line":66,"column":84},"end":{"line":66,"column":88}}],"line":66},"5":{"loc":{"start":{"line":67,"column":26},"end":{"line":67,"column":74}},"type":"cond-expr","locations":[{"start":{"line":67,"column":52},"end":{"line":67,"column":65}},{"start":{"line":67,"column":68},"end":{"line":67,"column":74}}],"line":67},"6":{"loc":{"start":{"line":69,"column":15},"end":{"line":94,"column":14}},"type":"binary-expr","locations":[{"start":{"line":69,"column":15},"end":{"line":69,"column":32}},{"start":{"line":70,"column":12},"end":{"line":94,"column":14}}],"line":69},"7":{"loc":{"start":{"line":73,"column":24},"end":{"line":74,"column":74}},"type":"binary-expr","locations":[{"start":{"line":73,"column":24},"end":{"line":73,"column":47}},{"start":{"line":74,"column":28},"end":{"line":74,"column":74}}],"line":73}},"s":{"0":0,"1":0,"2":0,"3":0,"4":0,"5":0,"6":0,"7":0,"8":0,"9":0,"10":0,"11":0,"12":0,"13":0,"14":0,"15":0,"16":0,"17":0,"18":1,"19":1,"20":0,"21":0,"22":0,"23":0,"24":0,"25":1,"26":1},"f":{"0":0,"1":0,"2":0,"3":0,"4":0,"5":0,"6":0,"7":0,"8":0,"9":2},"b":{"0":[0,0],"1":[0,0],"2":[0,0],"3":[0,0],"4":[0,0],"5":[0,0],"6":[0,0],"7":[0,0]},"_coverageSchema":"332fd63041d2c1bcb487cc26dd0d5f7d97098a6c","hash":"a909a3802063be26164010d4a33d83cbbf3f05fc"}
,"/Users/danielwallin/Development/hairsalons/src/components/Salons/index.spec.js": {"path":"/Users/danielwallin/Development/hairsalons/src/components/Salons/index.spec.js","statementMap":{"0":{"start":{"line":8,"column":0},"end":{"line":8,"column":44}},"1":{"start":{"line":10,"column":18},"end":{"line":10,"column":34}},"2":{"start":{"line":12,"column":21},"end":{"line":22,"column":1}},"3":{"start":{"line":26,"column":0},"end":{"line":28,"column":2}},"4":{"start":{"line":27,"column":2},"end":{"line":27,"column":33}},"5":{"start":{"line":30,"column":0},"end":{"line":33,"column":2}},"6":{"start":{"line":31,"column":2},"end":{"line":31,"column":49}},"7":{"start":{"line":32,"column":2},"end":{"line":32,"column":36}}},"fnMap":{"0":{"name":"(anonymous_0)","decl":{"start":{"line":26,"column":11},"end":{"line":26,"column":12}},"loc":{"start":{"line":26,"column":15},"end":{"line":28,"column":1}},"line":26},"1":{"name":"(anonymous_1)","decl":{"start":{"line":30,"column":19},"end":{"line":30,"column":20}},"loc":{"start":{"line":30,"column":25},"end":{"line":33,"column":1}},"line":30}},"branchMap":{},"s":{"0":1,"1":1,"2":1,"3":1,"4":1,"5":1,"6":1,"7":1},"f":{"0":1,"1":1},"b":{},"_coverageSchema":"332fd63041d2c1bcb487cc26dd0d5f7d97098a6c","hash":"fa8bb1540897931471a6d90ba4f77ad84598fdd9"}
,"/Users/danielwallin/Development/hairsalons/src/components/SalonsItem/index.js": {"path":"/Users/danielwallin/Development/hairsalons/src/components/SalonsItem/index.js","statementMap":{"0":{"start":{"line":5,"column":26},"end":{"line":32,"column":1}},"1":{"start":{"line":6,"column":4},"end":{"line":31,"column":7}},"2":{"start":{"line":34,"column":0},"end":{"line":37,"column":2}}},"fnMap":{"0":{"name":"(anonymous_0)","decl":{"start":{"line":5,"column":26},"end":{"line":5,"column":27}},"loc":{"start":{"line":6,"column":4},"end":{"line":31,"column":7}},"line":6}},"branchMap":{},"s":{"0":2,"1":0,"2":2},"f":{"0":0},"b":{},"_coverageSchema":"332fd63041d2c1bcb487cc26dd0d5f7d97098a6c","hash":"338ef54f8ba2bd53683eb795913d870ae296b31e"}
}
