TN:
SF:/Users/danielwallin/Development/hairsalons/src/actions/salons.js
FN:3,(anonymous_0)
FN:3,(anonymous_1)
FN:6,(anonymous_2)
FN:14,(anonymous_3)
FN:14,(anonymous_4)
FN:17,(anonymous_5)
FN:25,(anonymous_6)
FN:25,(anonymous_7)
FN:29,(anonymous_8)
FNF:9
FNH:0
FNDA:0,(anonymous_0)
FNDA:0,(anonymous_1)
FNDA:0,(anonymous_2)
FNDA:0,(anonymous_3)
FNDA:0,(anonymous_4)
FNDA:0,(anonymous_5)
FNDA:0,(anonymous_6)
FNDA:0,(anonymous_7)
FNDA:0,(anonymous_8)
DA:3,2
DA:4,0
DA:7,0
DA:14,2
DA:15,0
DA:18,0
DA:25,2
DA:26,0
DA:27,0
DA:30,0
LF:10
LH:3
BRF:0
BRH:0
end_of_record
TN:
SF:/Users/danielwallin/Development/hairsalons/src/components/PriceFilter/index.js
FN:10,(anonymous_0)
FN:21,(anonymous_1)
FN:25,(anonymous_2)
FN:34,(anonymous_3)
FN:64,mapStateToProps
FNF:5
FNH:0
FNDA:0,(anonymous_0)
FNDA:0,(anonymous_1)
FNDA:0,(anonymous_2)
FNDA:0,(anonymous_3)
FNDA:0,mapStateToProps
DA:11,0
DA:13,0
DA:17,0
DA:18,0
DA:22,0
DA:26,0
DA:31,0
DA:35,0
DA:36,1
DA:37,0
DA:39,0
DA:60,1
DA:65,0
LF:13
LH:2
BRDA:36,0,0,0
BRDA:36,0,1,0
BRF:2
BRH:0
end_of_record
TN:
SF:/Users/danielwallin/Development/hairsalons/src/components/Salons/index.js
FN:11,(anonymous_0)
FN:28,(anonymous_1)
FN:32,(anonymous_2)
FN:46,(anonymous_3)
FN:50,(anonymous_4)
FN:54,(anonymous_5)
FN:58,(anonymous_6)
FN:60,(anonymous_7)
FN:87,(anonymous_8)
FN:105,mapStateToProps
FNF:10
FNH:1
FNDA:0,(anonymous_0)
FNDA:0,(anonymous_1)
FNDA:0,(anonymous_2)
FNDA:0,(anonymous_3)
FNDA:0,(anonymous_4)
FNDA:0,(anonymous_5)
FNDA:0,(anonymous_6)
FNDA:0,(anonymous_7)
FNDA:0,(anonymous_8)
FNDA:2,mapStateToProps
DA:12,0
DA:14,0
DA:23,0
DA:24,0
DA:25,0
DA:29,0
DA:33,0
DA:35,0
DA:36,0
DA:37,0
DA:40,0
DA:41,0
DA:42,0
DA:47,0
DA:51,0
DA:55,0
DA:59,0
DA:60,0
DA:61,1
DA:64,1
DA:65,0
DA:66,0
DA:67,0
DA:69,0
DA:88,0
DA:98,1
DA:106,1
LF:27
LH:4
BRDA:35,0,0,0
BRDA:35,0,1,0
BRDA:40,1,0,0
BRDA:40,1,1,0
BRDA:64,2,0,0
BRDA:64,2,1,0
BRDA:65,3,0,0
BRDA:65,3,1,0
BRDA:66,4,0,0
BRDA:66,4,1,0
BRDA:67,5,0,0
BRDA:67,5,1,0
BRDA:69,6,0,0
BRDA:69,6,1,0
BRDA:73,7,0,0
BRDA:73,7,1,0
BRF:16
BRH:0
end_of_record
TN:
SF:/Users/danielwallin/Development/hairsalons/src/components/Salons/index.spec.js
FN:26,(anonymous_0)
FN:30,(anonymous_1)
FNF:2
FNH:2
FNDA:1,(anonymous_0)
FNDA:1,(anonymous_1)
DA:8,1
DA:10,1
DA:12,1
DA:26,1
DA:27,1
DA:30,1
DA:31,1
DA:32,1
LF:8
LH:8
BRF:0
BRH:0
end_of_record
TN:
SF:/Users/danielwallin/Development/hairsalons/src/components/SalonsItem/index.js
FN:5,(anonymous_0)
FNF:1
FNH:0
FNDA:0,(anonymous_0)
DA:5,2
DA:6,0
DA:34,2
LF:3
LH:2
BRF:0
BRH:0
end_of_record
